<?xml version="1.0" encoding="UTF-8"?>
<testng-results skipped="0" failed="1" ignored="0" total="18" passed="17">
  <reporter-output>
  </reporter-output>
  <suite name="Suite" duration-ms="31" started-at="2022-12-12T17:20:56Z" finished-at="2022-12-12T17:20:56Z">
    <groups>
    </groups>
    <test name="Test" duration-ms="31" started-at="2022-12-12T17:20:56Z" finished-at="2022-12-12T17:20:56Z">
      <class name="prod_environment.Logout">
        <test-method status="PASS" signature="logoutTestprod()[pri:0, instance:prod_environment.Logout@6eda5c9]" name="logoutTestprod" duration-ms="0" started-at="2022-12-12T17:20:56Z" finished-at="2022-12-12T17:20:56Z">
          <reporter-output>
          </reporter-output>
        </test-method> <!-- logoutTestprod -->
      </class> <!-- prod_environment.Logout -->
      <class name="prod_environment.Home">
        <test-method status="PASS" signature="homeTestprod()[pri:0, instance:prod_environment.Home@56620197]" name="homeTestprod" duration-ms="8" started-at="2022-12-12T17:20:56Z" finished-at="2022-12-12T17:20:56Z">
          <reporter-output>
          </reporter-output>
        </test-method> <!-- homeTestprod -->
      </class> <!-- prod_environment.Home -->
      <class name="prod_environment.Login">
        <test-method status="PASS" signature="loginTestprod()[pri:0, instance:prod_environment.Login@55b7a4e0]" name="loginTestprod" duration-ms="0" started-at="2022-12-12T17:20:56Z" finished-at="2022-12-12T17:20:56Z">
          <reporter-output>
          </reporter-output>
        </test-method> <!-- loginTestprod -->
      </class> <!-- prod_environment.Login -->
    </test> <!-- Test -->
  </suite> <!-- Suite -->
  <suite name="Suite (1)" duration-ms="2" started-at="2022-12-12T17:20:56Z" finished-at="2022-12-12T17:20:56Z">
    <groups>
    </groups>
    <test name="Test" duration-ms="2" started-at="2022-12-12T17:20:56Z" finished-at="2022-12-12T17:20:56Z">
      <class name="test_enveronment.Login">
        <test-method status="PASS" signature="loginTest()[pri:0, instance:test_enveronment.Login@359f7cdf]" name="loginTest" duration-ms="1" started-at="2022-12-12T17:20:56Z" finished-at="2022-12-12T17:20:56Z">
          <reporter-output>
          </reporter-output>
        </test-method> <!-- loginTest -->
      </class> <!-- test_enveronment.Login -->
      <class name="test_enveronment.Logout">
        <test-method status="PASS" signature="logoutTest()[pri:0, instance:test_enveronment.Logout@6356695f]" name="logoutTest" duration-ms="0" started-at="2022-12-12T17:20:56Z" finished-at="2022-12-12T17:20:56Z">
          <reporter-output>
          </reporter-output>
        </test-method> <!-- logoutTest -->
      </class> <!-- test_enveronment.Logout -->
      <class name="test_enveronment.Home">
        <test-method status="PASS" signature="homeTest()[pri:0, instance:test_enveronment.Home@4f18837a]" name="homeTest" duration-ms="0" started-at="2022-12-12T17:20:56Z" finished-at="2022-12-12T17:20:56Z">
          <reporter-output>
          </reporter-output>
        </test-method> <!-- homeTest -->
      </class> <!-- test_enveronment.Home -->
    </test> <!-- Test -->
  </suite> <!-- Suite (1) -->
  <suite name="Suite (0)" duration-ms="3" started-at="2022-12-12T17:20:56Z" finished-at="2022-12-12T17:20:56Z">
    <groups>
    </groups>
    <test name="Test" duration-ms="3" started-at="2022-12-12T17:20:56Z" finished-at="2022-12-12T17:20:56Z">
      <class name="uat_environement.Logout">
        <test-method status="PASS" signature="logoutTestuat()[pri:0, instance:uat_environement.Logout@74e52303]" name="logoutTestuat" duration-ms="0" started-at="2022-12-12T17:20:56Z" finished-at="2022-12-12T17:20:56Z">
          <reporter-output>
          </reporter-output>
        </test-method> <!-- logoutTestuat -->
      </class> <!-- uat_environement.Logout -->
      <class name="uat_environement.Login">
        <test-method status="PASS" signature="loginTestuat()[pri:0, instance:uat_environement.Login@47af7f3d]" name="loginTestuat" duration-ms="1" started-at="2022-12-12T17:20:56Z" finished-at="2022-12-12T17:20:56Z">
          <reporter-output>
          </reporter-output>
        </test-method> <!-- loginTestuat -->
      </class> <!-- uat_environement.Login -->
      <class name="uat_environement.Home">
        <test-method status="PASS" signature="homeTestuat()[pri:0, instance:uat_environement.Home@158da8e]" name="homeTestuat" duration-ms="0" started-at="2022-12-12T17:20:56Z" finished-at="2022-12-12T17:20:56Z">
          <reporter-output>
          </reporter-output>
        </test-method> <!-- homeTestuat -->
      </class> <!-- uat_environement.Home -->
    </test> <!-- Test -->
  </suite> <!-- Suite (0) -->
  <suite name="Suite (4)" duration-ms="2" started-at="2022-12-12T17:20:56Z" finished-at="2022-12-12T17:20:56Z">
    <groups>
    </groups>
    <test name="Test" duration-ms="2" started-at="2022-12-12T17:20:56Z" finished-at="2022-12-12T17:20:56Z">
      <class name="undrestend_logic.Second_Logic">
        <test-method status="PASS" signature="logic2()[pri:0, instance:undrestend_logic.Second_Logic@5c5eefef]" name="logic2" duration-ms="0" started-at="2022-12-12T17:20:56Z" finished-at="2022-12-12T17:20:56Z">
          <reporter-output>
          </reporter-output>
        </test-method> <!-- logic2 -->
      </class> <!-- undrestend_logic.Second_Logic -->
      <class name="undrestend_logic.First_Logic">
        <test-method status="PASS" signature="logic1()[pri:0, instance:undrestend_logic.First_Logic@222545dc]" name="logic1" duration-ms="0" started-at="2022-12-12T17:20:56Z" finished-at="2022-12-12T17:20:56Z">
          <reporter-output>
          </reporter-output>
        </test-method> <!-- logic1 -->
      </class> <!-- undrestend_logic.First_Logic -->
      <class name="undrestend_logic.Third_Logic">
        <test-method status="PASS" signature="logic3()[pri:0, instance:undrestend_logic.Third_Logic@16293aa2]" name="logic3" duration-ms="1" started-at="2022-12-12T17:20:56Z" finished-at="2022-12-12T17:20:56Z">
          <reporter-output>
          </reporter-output>
        </test-method> <!-- logic3 -->
      </class> <!-- undrestend_logic.Third_Logic -->
    </test> <!-- Test -->
  </suite> <!-- Suite (4) -->
  <suite name="Suite (3)" duration-ms="3" started-at="2022-12-12T17:20:56Z" finished-at="2022-12-12T17:20:56Z">
    <groups>
    </groups>
    <test name="Test" duration-ms="3" started-at="2022-12-12T17:20:56Z" finished-at="2022-12-12T17:20:56Z">
      <class name="execut_logic.Second_Logic">
        <test-method status="PASS" signature="logic2()[pri:0, instance:execut_logic.Second_Logic@6572421]" name="logic2" duration-ms="0" started-at="2022-12-12T17:20:56Z" finished-at="2022-12-12T17:20:56Z">
          <reporter-output>
          </reporter-output>
        </test-method> <!-- logic2 -->
      </class> <!-- execut_logic.Second_Logic -->
      <class name="execut_logic.Third_Logic">
        <test-method status="PASS" signature="logic3()[pri:0, instance:execut_logic.Third_Logic@5b239d7d]" name="logic3" duration-ms="0" started-at="2022-12-12T17:20:56Z" finished-at="2022-12-12T17:20:56Z">
          <reporter-output>
          </reporter-output>
        </test-method> <!-- logic3 -->
      </class> <!-- execut_logic.Third_Logic -->
      <class name="execut_logic.First_Logic">
        <test-method status="PASS" signature="logic1()[pri:0, instance:execut_logic.First_Logic@6b81ce95]" name="logic1" duration-ms="1" started-at="2022-12-12T17:20:56Z" finished-at="2022-12-12T17:20:56Z">
          <reporter-output>
          </reporter-output>
        </test-method> <!-- logic1 -->
      </class> <!-- execut_logic.First_Logic -->
    </test> <!-- Test -->
  </suite> <!-- Suite (3) -->
  <suite name="Suite (2)" duration-ms="6" started-at="2022-12-12T17:20:56Z" finished-at="2022-12-12T17:20:56Z">
    <groups>
    </groups>
    <test name="Test" duration-ms="6" started-at="2022-12-12T17:20:56Z" finished-at="2022-12-12T17:20:56Z">
      <class name="logic.Third_Logic">
        <test-method status="PASS" signature="logic3()[pri:0, instance:logic.Third_Logic@4cc451f2]" name="logic3" duration-ms="0" started-at="2022-12-12T17:20:56Z" finished-at="2022-12-12T17:20:56Z">
          <reporter-output>
          </reporter-output>
        </test-method> <!-- logic3 -->
      </class> <!-- logic.Third_Logic -->
      <class name="logic.Second_Logic">
        <test-method status="PASS" signature="logic2()[pri:0, instance:logic.Second_Logic@7b9a4292]" name="logic2" duration-ms="0" started-at="2022-12-12T17:20:56Z" finished-at="2022-12-12T17:20:56Z">
          <reporter-output>
          </reporter-output>
        </test-method> <!-- logic2 -->
      </class> <!-- logic.Second_Logic -->
      <class name="logic.First_Logic">
        <test-method status="FAIL" signature="logic1()[pri:0, instance:logic.First_Logic@4a94ee4]" name="logic1" duration-ms="2" started-at="2022-12-12T17:20:56Z" finished-at="2022-12-12T17:20:56Z">
          <exception class="java.lang.AssertionError">
            <message>
              <![CDATA[logic1 is failed]]>
            </message>
            <full-stacktrace>
              <![CDATA[java.lang.AssertionError: logic1 is failed
at org.testng.Assert.fail(Assert.java:96)
at logic.First_Logic.logic1(First_Logic.java:11)
at sun.reflect.NativeMethodAccessorImpl.invoke0(Native Method)
at sun.reflect.NativeMethodAccessorImpl.invoke(NativeMethodAccessorImpl.java:62)
at sun.reflect.DelegatingMethodAccessorImpl.invoke(DelegatingMethodAccessorImpl.java:43)
at java.lang.reflect.Method.invoke(Method.java:498)
at org.testng.internal.MethodInvocationHelper.invokeMethod(MethodInvocationHelper.java:124)
at org.testng.internal.Invoker.invokeMethod(Invoker.java:583)
at org.testng.internal.Invoker.invokeTestMethod(Invoker.java:719)
at org.testng.internal.Invoker.invokeTestMethods(Invoker.java:989)
at org.testng.internal.TestMethodWorker.invokeTestMethods(TestMethodWorker.java:125)
at org.testng.internal.TestMethodWorker.run(TestMethodWorker.java:109)
at org.testng.TestRunner.privateRun(TestRunner.java:648)
at org.testng.TestRunner.run(TestRunner.java:505)
at org.testng.SuiteRunner.runTest(SuiteRunner.java:455)
at org.testng.SuiteRunner.runSequentially(SuiteRunner.java:450)
at org.testng.SuiteRunner.privateRun(SuiteRunner.java:415)
at org.testng.SuiteRunner.run(SuiteRunner.java:364)
at org.testng.SuiteRunnerWorker.runSuite(SuiteRunnerWorker.java:52)
at org.testng.SuiteRunnerWorker.run(SuiteRunnerWorker.java:84)
at org.testng.TestNG.runSuitesSequentially(TestNG.java:1208)
at org.testng.TestNG.runSuitesLocally(TestNG.java:1137)
at org.testng.TestNG.runSuites(TestNG.java:1049)
at org.testng.TestNG.run(TestNG.java:1017)
at org.apache.maven.surefire.testng.TestNGExecutor.run(TestNGExecutor.java:324)
at org.apache.maven.surefire.testng.TestNGXmlTestSuite.execute(TestNGXmlTestSuite.java:74)
at org.apache.maven.surefire.testng.TestNGProvider.invoke(TestNGProvider.java:123)
at org.apache.maven.surefire.booter.ForkedBooter.runSuitesInProcess(ForkedBooter.java:456)
at org.apache.maven.surefire.booter.ForkedBooter.execute(ForkedBooter.java:169)
at org.apache.maven.surefire.booter.ForkedBooter.run(ForkedBooter.java:595)
at org.apache.maven.surefire.booter.ForkedBooter.main(ForkedBooter.java:581)
]]>
            </full-stacktrace>
          </exception> <!-- java.lang.AssertionError -->
          <reporter-output>
          </reporter-output>
        </test-method> <!-- logic1 -->
      </class> <!-- logic.First_Logic -->
    </test> <!-- Test -->
  </suite> <!-- Suite (2) -->
</testng-results>
